<?xml version="1.0" encoding="UTF-8"?>
<!-- Generated by org.testng.reporters.JUnitReportReporter -->
<testsuite skipped="0" hostname="Gokul" name="tests.HostelWorldTest" tests="1" failures="0" timestamp="2020-07-22T22:01:13 BST" time="7.114" errors="0">
  <testcase name="Verify_Empty_City_Display_Error_Approach_1" time="7.114" classname="tests.HostelWorldTest"/>
  <system-out/>
</testsuite> <!-- tests.HostelWorldTest -->
